# JRE version: OpenJDK Runtime Environment (17.0.10) (build 17.0.10+0--11572160)
# Java VM: OpenJDK 64-Bit Server VM (17.0.10+0--11572160, mixed mode, tiered, compressed oops, compressed class ptrs, g1 gc, windows-amd64)
GC Precious Log:
 CPUs: 4 total, 4 available
 Memory: 8077M
 Large Page Support: Disabled
 NUMA Support: Disabled
 Compressed Oops: Enabled (32-bit)
 Heap Region Size: 1M
 Heap Min Capacity: 8M
 Heap Initial Capacity: 128M
 Heap Max Capacity: 2G
 Pre-touch: Disabled
 Parallel Workers: 4
 Concurrent Workers: 1
 Concurrent Refinement Workers: 4
 Periodic GC: Disabled
Heap:
 garbage-first heap   total 282624K, used 219038K [0x0000000080000000, 0x0000000100000000)
  region size 1024K, 74 young (75776K), 8 survivors (8192K)
 Metaspace       used 121887K, committed 122752K, reserved 1179648K
  class space    used 16242K, committed 16640K, reserved 1048576K
GC Heap History (20 events):
Event: 23.392 GC heap before
{Heap before GC invocations=43 (full 0):
 garbage-first heap   total 206848K, used 171258K [0x0000000080000000, 0x0000000100000000)
  region size 1024K, 67 young (68608K), 8 survivors (8192K)
 Metaspace       used 87632K, committed 88320K, reserved 1179648K
  class space    used 12007K, committed 12352K, reserved 1048576K
}
Event: 23.405 GC heap after
{Heap after GC invocations=44 (full 0):
 garbage-first heap   total 206848K, used 105537K [0x0000000080000000, 0x0000000100000000)
  region size 1024K, 7 young (7168K), 7 survivors (7168K)
 Metaspace       used 87632K, committed 88320K, reserved 1179648K
  class space    used 12007K, committed 12352K, reserved 1048576K
}
Event: 24.373 GC heap before
{Heap before GC invocations=44 (full 0):
 garbage-first heap   total 206848K, used 165953K [0x0000000080000000, 0x0000000100000000)
  region size 1024K, 66 young (67584K), 7 survivors (7168K)
 Metaspace       used 91283K, committed 92032K, reserved 1179648K
  class space    used 12660K, committed 12992K, reserved 1048576K
}
Event: 24.384 GC heap after
{Heap after GC invocations=45 (full 0):
 garbage-first heap   total 206848K, used 107344K [0x0000000080000000, 0x0000000100000000)
  region size 1024K, 5 young (5120K), 5 survivors (5120K)
 Metaspace       used 91283K, committed 92032K, reserved 1179648K
  class space    used 12660K, committed 12992K, reserved 1048576K
}
Event: 25.986 GC heap before
{Heap before GC invocations=45 (full 0):
 garbage-first heap   total 206848K, used 168784K [0x0000000080000000, 0x0000000100000000)
  region size 1024K, 65 young (66560K), 5 survivors (5120K)
 Metaspace       used 92872K, committed 93568K, reserved 1179648K
  class space    used 12859K, committed 13184K, reserved 1048576K
}
Event: 25.993 GC heap after
{Heap after GC invocations=46 (full 0):
 garbage-first heap   total 206848K, used 107198K [0x0000000080000000, 0x0000000100000000)
  region size 1024K, 5 young (5120K), 5 survivors (5120K)
 Metaspace       used 92872K, committed 93568K, reserved 1179648K
  class space    used 12859K, committed 13184K, reserved 1048576K
}
Event: 27.017 GC heap before
{Heap before GC invocations=46 (full 0):
 garbage-first heap   total 206848K, used 173758K [0x0000000080000000, 0x0000000100000000)
  region size 1024K, 65 young (66560K), 5 survivors (5120K)
 Metaspace       used 101782K, committed 102656K, reserved 1179648K
  class space    used 13988K, committed 14400K, reserved 1048576K
}
Event: 27.028 GC heap after
{Heap after GC invocations=47 (full 0):
 garbage-first heap   total 206848K, used 114712K [0x0000000080000000, 0x0000000100000000)
  region size 1024K, 6 young (6144K), 6 survivors (6144K)
 Metaspace       used 101782K, committed 102656K, reserved 1179648K
  class space    used 13988K, committed 14400K, reserved 1048576K
}
Event: 27.470 GC heap before
{Heap before GC invocations=47 (full 0):
 garbage-first heap   total 206848K, used 175128K [0x0000000080000000, 0x0000000100000000)
  region size 1024K, 64 young (65536K), 6 survivors (6144K)
 Metaspace       used 102113K, committed 102976K, reserved 1179648K
  class space    used 13996K, committed 14400K, reserved 1048576K
}
Event: 27.506 GC heap after
{Heap after GC invocations=48 (full 0):
 garbage-first heap   total 206848K, used 125390K [0x0000000080000000, 0x0000000100000000)
  region size 1024K, 8 young (8192K), 8 survivors (8192K)
 Metaspace       used 102113K, committed 102976K, reserved 1179648K
  class space    used 13996K, committed 14400K, reserved 1048576K
}
Event: 27.954 GC heap before
{Heap before GC invocations=48 (full 0):
 garbage-first heap   total 206848K, used 166350K [0x0000000080000000, 0x0000000100000000)
  region size 1024K, 48 young (49152K), 8 survivors (8192K)
 Metaspace       used 102885K, committed 103744K, reserved 1179648K
  class space    used 14096K, committed 14528K, reserved 1048576K
}
Event: 27.983 GC heap after
{Heap after GC invocations=49 (full 0):
 garbage-first heap   total 206848K, used 135961K [0x0000000080000000, 0x0000000100000000)
  region size 1024K, 6 young (6144K), 6 survivors (6144K)
 Metaspace       used 102885K, committed 103744K, reserved 1179648K
  class space    used 14096K, committed 14528K, reserved 1048576K
}
Event: 28.510 GC heap before
{Heap before GC invocations=50 (full 0):
 garbage-first heap   total 235520K, used 171801K [0x0000000080000000, 0x0000000100000000)
  region size 1024K, 38 young (38912K), 6 survivors (6144K)
 Metaspace       used 105579K, committed 106432K, reserved 1179648K
  class space    used 14429K, committed 14848K, reserved 1048576K
}
Event: 28.523 GC heap after
{Heap after GC invocations=51 (full 0):
 garbage-first heap   total 235520K, used 143949K [0x0000000080000000, 0x0000000100000000)
  region size 1024K, 4 young (4096K), 4 survivors (4096K)
 Metaspace       used 105579K, committed 106432K, reserved 1179648K
  class space    used 14429K, committed 14848K, reserved 1048576K
}
Event: 28.611 GC heap before
{Heap before GC invocations=51 (full 0):
 garbage-first heap   total 235520K, used 151117K [0x0000000080000000, 0x0000000100000000)
  region size 1024K, 11 young (11264K), 4 survivors (4096K)
 Metaspace       used 106017K, committed 106880K, reserved 1179648K
  class space    used 14474K, committed 14912K, reserved 1048576K
}
Event: 28.618 GC heap after
{Heap after GC invocations=52 (full 0):
 garbage-first heap   total 235520K, used 145408K [0x0000000080000000, 0x0000000100000000)
  region size 1024K, 1 young (1024K), 1 survivors (1024K)
 Metaspace       used 106017K, committed 106880K, reserved 1179648K
  class space    used 14474K, committed 14912K, reserved 1048576K
}
Event: 29.390 GC heap before
{Heap before GC invocations=52 (full 0):
 garbage-first heap   total 235520K, used 191488K [0x0000000080000000, 0x0000000100000000)
  region size 1024K, 46 young (47104K), 1 survivors (1024K)
 Metaspace       used 111183K, committed 112000K, reserved 1179648K
  class space    used 14948K, committed 15360K, reserved 1048576K
}
Event: 29.401 GC heap after
{Heap after GC invocations=53 (full 0):
 garbage-first heap   total 282624K, used 148689K [0x0000000080000000, 0x0000000100000000)
  region size 1024K, 5 young (5120K), 5 survivors (5120K)
 Metaspace       used 111183K, committed 112000K, reserved 1179648K
  class space    used 14948K, committed 15360K, reserved 1048576K
}
Event: 32.389 GC heap before
{Heap before GC invocations=53 (full 0):
 garbage-first heap   total 282624K, used 220369K [0x0000000080000000, 0x0000000100000000)
  region size 1024K, 74 young (75776K), 5 survivors (5120K)
 Metaspace       used 119380K, committed 120192K, reserved 1179648K
  class space    used 15972K, committed 16384K, reserved 1048576K
}
Event: 32.409 GC heap after
{Heap after GC invocations=54 (full 0):
 garbage-first heap   total 282624K, used 152478K [0x0000000080000000, 0x0000000100000000)
  region size 1024K, 8 young (8192K), 8 survivors (8192K)
 Metaspace       used 119380K, committed 120192K, reserved 1179648K
  class space    used 15972K, committed 16384K, reserved 1048576K
}

