# JRE version: OpenJDK Runtime Environment (17.0.10) (build 17.0.10+0--11572160)
# Java VM: OpenJDK 64-Bit Server VM (17.0.10+0--11572160, mixed mode, tiered, compressed oops, compressed class ptrs, g1 gc, windows-amd64)
GC Precious Log:
 CPUs: 4 total, 4 available
 Memory: 8077M
 Large Page Support: Disabled
 NUMA Support: Disabled
 Compressed Oops: Enabled (32-bit)
 Heap Region Size: 1M
 Heap Min Capacity: 8M
 Heap Initial Capacity: 128M
 Heap Max Capacity: 2G
 Pre-touch: Disabled
 Parallel Workers: 4
 Concurrent Workers: 1
 Concurrent Refinement Workers: 4
 Periodic GC: Disabled
Heap:
 garbage-first heap   total 131072K, used 66219K [0x0000000080000000, 0x0000000100000000)
  region size 1024K, 1 young (1024K), 1 survivors (1024K)
 Metaspace       used 86594K, committed 87232K, reserved 1179648K
  class space    used 11995K, committed 12288K, reserved 1048576K
GC Heap History (20 events):
Event: 14.735 GC heap after
{Heap after GC invocations=26 (full 0):
 garbage-first heap   total 102400K, used 56767K [0x0000000080000000, 0x0000000100000000)
  region size 1024K, 4 young (4096K), 4 survivors (4096K)
 Metaspace       used 57629K, committed 58240K, reserved 1114112K
  class space    used 7786K, committed 8064K, reserved 1048576K
}
Event: 15.175 GC heap before
{Heap before GC invocations=26 (full 0):
 garbage-first heap   total 102400K, used 80319K [0x0000000080000000, 0x0000000100000000)
  region size 1024K, 28 young (28672K), 4 survivors (4096K)
 Metaspace       used 62502K, committed 63104K, reserved 1114112K
  class space    used 8422K, committed 8704K, reserved 1048576K
}
Event: 15.181 GC heap after
{Heap after GC invocations=27 (full 0):
 garbage-first heap   total 102400K, used 58097K [0x0000000080000000, 0x0000000100000000)
  region size 1024K, 3 young (3072K), 3 survivors (3072K)
 Metaspace       used 62502K, committed 63104K, reserved 1114112K
  class space    used 8422K, committed 8704K, reserved 1048576K
}
Event: 15.910 GC heap before
{Heap before GC invocations=28 (full 0):
 garbage-first heap   total 104448K, used 81649K [0x0000000080000000, 0x0000000100000000)
  region size 1024K, 27 young (27648K), 3 survivors (3072K)
 Metaspace       used 63913K, committed 64448K, reserved 1114112K
  class space    used 8535K, committed 8768K, reserved 1048576K
}
Event: 15.919 GC heap after
{Heap after GC invocations=29 (full 0):
 garbage-first heap   total 104448K, used 63129K [0x0000000080000000, 0x0000000100000000)
  region size 1024K, 4 young (4096K), 4 survivors (4096K)
 Metaspace       used 63913K, committed 64448K, reserved 1114112K
  class space    used 8535K, committed 8768K, reserved 1048576K
}
Event: 17.026 GC heap before
{Heap before GC invocations=29 (full 0):
 garbage-first heap   total 104448K, used 82585K [0x0000000080000000, 0x0000000100000000)
  region size 1024K, 24 young (24576K), 4 survivors (4096K)
 Metaspace       used 66074K, committed 66624K, reserved 1114112K
  class space    used 8838K, committed 9088K, reserved 1048576K
}
Event: 17.034 GC heap after
{Heap after GC invocations=30 (full 0):
 garbage-first heap   total 104448K, used 64499K [0x0000000080000000, 0x0000000100000000)
  region size 1024K, 2 young (2048K), 2 survivors (2048K)
 Metaspace       used 66074K, committed 66624K, reserved 1114112K
  class space    used 8838K, committed 9088K, reserved 1048576K
}
Event: 17.858 GC heap before
{Heap before GC invocations=31 (full 0):
 garbage-first heap   total 114688K, used 83955K [0x0000000080000000, 0x0000000100000000)
  region size 1024K, 21 young (21504K), 2 survivors (2048K)
 Metaspace       used 68641K, committed 69248K, reserved 1114112K
  class space    used 9209K, committed 9472K, reserved 1048576K
}
Event: 17.863 GC heap after
{Heap after GC invocations=32 (full 0):
 garbage-first heap   total 114688K, used 65361K [0x0000000080000000, 0x0000000100000000)
  region size 1024K, 1 young (1024K), 1 survivors (1024K)
 Metaspace       used 68641K, committed 69248K, reserved 1114112K
  class space    used 9209K, committed 9472K, reserved 1048576K
}
Event: 18.751 GC heap before
{Heap before GC invocations=32 (full 0):
 garbage-first heap   total 114688K, used 93009K [0x0000000080000000, 0x0000000100000000)
  region size 1024K, 28 young (28672K), 1 survivors (1024K)
 Metaspace       used 73396K, committed 73984K, reserved 1114112K
  class space    used 10050K, committed 10304K, reserved 1048576K
}
Event: 18.754 GC heap after
{Heap after GC invocations=33 (full 0):
 garbage-first heap   total 114688K, used 66002K [0x0000000080000000, 0x0000000100000000)
  region size 1024K, 2 young (2048K), 2 survivors (2048K)
 Metaspace       used 73396K, committed 73984K, reserved 1114112K
  class space    used 10050K, committed 10304K, reserved 1048576K
}
Event: 19.203 GC heap before
{Heap before GC invocations=34 (full 0):
 garbage-first heap   total 117760K, used 92626K [0x0000000080000000, 0x0000000100000000)
  region size 1024K, 29 young (29696K), 2 survivors (2048K)
 Metaspace       used 76654K, committed 77184K, reserved 1179648K
  class space    used 10701K, committed 10944K, reserved 1048576K
}
Event: 19.207 GC heap after
{Heap after GC invocations=35 (full 0):
 garbage-first heap   total 117760K, used 65571K [0x0000000080000000, 0x0000000100000000)
  region size 1024K, 3 young (3072K), 3 survivors (3072K)
 Metaspace       used 76654K, committed 77184K, reserved 1179648K
  class space    used 10701K, committed 10944K, reserved 1048576K
}
Event: 19.238 GC heap before
{Heap before GC invocations=35 (full 0):
 garbage-first heap   total 117760K, used 67619K [0x0000000080000000, 0x0000000100000000)
  region size 1024K, 5 young (5120K), 3 survivors (3072K)
 Metaspace       used 76875K, committed 77440K, reserved 1179648K
  class space    used 10731K, committed 11008K, reserved 1048576K
}
Event: 19.242 GC heap after
{Heap after GC invocations=36 (full 0):
 garbage-first heap   total 117760K, used 65744K [0x0000000080000000, 0x0000000100000000)
  region size 1024K, 1 young (1024K), 1 survivors (1024K)
 Metaspace       used 76875K, committed 77440K, reserved 1179648K
  class space    used 10731K, committed 11008K, reserved 1048576K
}
Event: 19.842 GC heap before
{Heap before GC invocations=36 (full 0):
 garbage-first heap   total 117760K, used 98512K [0x0000000080000000, 0x0000000100000000)
  region size 1024K, 33 young (33792K), 1 survivors (1024K)
 Metaspace       used 81296K, committed 81920K, reserved 1179648K
  class space    used 11304K, committed 11584K, reserved 1048576K
}
Event: 19.844 GC heap after
{Heap after GC invocations=37 (full 0):
 garbage-first heap   total 117760K, used 66230K [0x0000000080000000, 0x0000000100000000)
  region size 1024K, 1 young (1024K), 1 survivors (1024K)
 Metaspace       used 81296K, committed 81920K, reserved 1179648K
  class space    used 11304K, committed 11584K, reserved 1048576K
}
Event: 20.409 GC heap before
{Heap before GC invocations=38 (full 0):
 garbage-first heap   total 119808K, used 100022K [0x0000000080000000, 0x0000000100000000)
  region size 1024K, 34 young (34816K), 1 survivors (1024K)
 Metaspace       used 86203K, committed 86784K, reserved 1179648K
  class space    used 11926K, committed 12160K, reserved 1048576K
}
Event: 20.415 GC heap after
{Heap after GC invocations=39 (full 0):
 garbage-first heap   total 119808K, used 66895K [0x0000000080000000, 0x0000000100000000)
  region size 1024K, 2 young (2048K), 2 survivors (2048K)
 Metaspace       used 86203K, committed 86784K, reserved 1179648K
  class space    used 11926K, committed 12160K, reserved 1048576K
}
Event: 20.470 GC heap before
{Heap before GC invocations=39 (full 0):
 garbage-first heap   total 119808K, used 69967K [0x0000000080000000, 0x0000000100000000)
  region size 1024K, 5 young (5120K), 2 survivors (2048K)
 Metaspace       used 86594K, committed 87232K, reserved 1179648K
  class space    used 11995K, committed 12288K, reserved 1048576K
}

