# JRE version: OpenJDK Runtime Environment (17.0.10) (build 17.0.10+0--11572160)
# Java VM: OpenJDK 64-Bit Server VM (17.0.10+0--11572160, mixed mode, tiered, compressed oops, compressed class ptrs, g1 gc, windows-amd64)
GC Precious Log:
 CPUs: 4 total, 4 available
 Memory: 8077M
 Large Page Support: Disabled
 NUMA Support: Disabled
 Compressed Oops: Enabled (32-bit)
 Heap Region Size: 1M
 Heap Min Capacity: 8M
 Heap Initial Capacity: 128M
 Heap Max Capacity: 2G
 Pre-touch: Disabled
 Parallel Workers: 4
 Concurrent Workers: 1
 Concurrent Refinement Workers: 4
 Periodic GC: Disabled
Heap:
 garbage-first heap   total 447488K, used 142573K [0x0000000080000000, 0x0000000100000000)
  region size 1024K, 38 young (38912K), 3 survivors (3072K)
 Metaspace       used 124594K, committed 125504K, reserved 1179648K
  class space    used 16565K, committed 17024K, reserved 1048576K
GC Heap History (20 events):
Event: 70.059 GC heap before
{Heap before GC invocations=60 (full 0):
 garbage-first heap   total 239616K, used 205607K [0x0000000080000000, 0x0000000100000000)
  region size 1024K, 98 young (100352K), 2 survivors (2048K)
 Metaspace       used 120785K, committed 121728K, reserved 1179648K
  class space    used 16102K, committed 16576K, reserved 1048576K
}
Event: 70.064 GC heap after
{Heap after GC invocations=61 (full 0):
 garbage-first heap   total 239616K, used 109031K [0x0000000080000000, 0x0000000100000000)
  region size 1024K, 3 young (3072K), 3 survivors (3072K)
 Metaspace       used 120785K, committed 121728K, reserved 1179648K
  class space    used 16102K, committed 16576K, reserved 1048576K
}
Event: 70.569 GC heap before
{Heap before GC invocations=61 (full 0):
 garbage-first heap   total 239616K, used 206311K [0x0000000080000000, 0x0000000100000000)
  region size 1024K, 99 young (101376K), 3 survivors (3072K)
 Metaspace       used 120890K, committed 121792K, reserved 1179648K
  class space    used 16102K, committed 16576K, reserved 1048576K
}
Event: 70.574 GC heap after
{Heap after GC invocations=62 (full 0):
 garbage-first heap   total 239616K, used 110228K [0x0000000080000000, 0x0000000100000000)
  region size 1024K, 4 young (4096K), 4 survivors (4096K)
 Metaspace       used 120890K, committed 121792K, reserved 1179648K
  class space    used 16102K, committed 16576K, reserved 1048576K
}
Event: 70.936 GC heap before
{Heap before GC invocations=62 (full 0):
 garbage-first heap   total 239616K, used 206484K [0x0000000080000000, 0x0000000100000000)
  region size 1024K, 99 young (101376K), 4 survivors (4096K)
 Metaspace       used 121019K, committed 121920K, reserved 1179648K
  class space    used 16113K, committed 16576K, reserved 1048576K
}
Event: 70.941 GC heap after
{Heap after GC invocations=63 (full 0):
 garbage-first heap   total 239616K, used 109110K [0x0000000080000000, 0x0000000100000000)
  region size 1024K, 3 young (3072K), 3 survivors (3072K)
 Metaspace       used 121019K, committed 121920K, reserved 1179648K
  class space    used 16113K, committed 16576K, reserved 1048576K
}
Event: 71.243 GC heap before
{Heap before GC invocations=63 (full 0):
 garbage-first heap   total 239616K, used 207414K [0x0000000080000000, 0x0000000100000000)
  region size 1024K, 100 young (102400K), 3 survivors (3072K)
 Metaspace       used 121066K, committed 121984K, reserved 1179648K
  class space    used 16115K, committed 16576K, reserved 1048576K
}
Event: 71.250 GC heap after
{Heap after GC invocations=64 (full 0):
 garbage-first heap   total 239616K, used 110029K [0x0000000080000000, 0x0000000100000000)
  region size 1024K, 4 young (4096K), 4 survivors (4096K)
 Metaspace       used 121066K, committed 121984K, reserved 1179648K
  class space    used 16115K, committed 16576K, reserved 1048576K
}
Event: 71.620 GC heap before
{Heap before GC invocations=64 (full 0):
 garbage-first heap   total 239616K, used 208333K [0x0000000080000000, 0x0000000100000000)
  region size 1024K, 101 young (103424K), 4 survivors (4096K)
 Metaspace       used 121077K, committed 121984K, reserved 1179648K
  class space    used 16116K, committed 16576K, reserved 1048576K
}
Event: 71.627 GC heap after
{Heap after GC invocations=65 (full 0):
 garbage-first heap   total 447488K, used 109242K [0x0000000080000000, 0x0000000100000000)
  region size 1024K, 3 young (3072K), 3 survivors (3072K)
 Metaspace       used 121077K, committed 121984K, reserved 1179648K
  class space    used 16116K, committed 16576K, reserved 1048576K
}
Event: 75.041 GC heap before
{Heap before GC invocations=65 (full 0):
 garbage-first heap   total 447488K, used 374458K [0x0000000080000000, 0x0000000100000000)
  region size 1024K, 262 young (268288K), 3 survivors (3072K)
 Metaspace       used 121137K, committed 122048K, reserved 1179648K
  class space    used 16118K, committed 16576K, reserved 1048576K
}
Event: 75.046 GC heap after
{Heap after GC invocations=66 (full 0):
 garbage-first heap   total 447488K, used 109267K [0x0000000080000000, 0x0000000100000000)
  region size 1024K, 3 young (3072K), 3 survivors (3072K)
 Metaspace       used 121137K, committed 122048K, reserved 1179648K
  class space    used 16118K, committed 16576K, reserved 1048576K
}
Event: 80.030 GC heap before
{Heap before GC invocations=66 (full 0):
 garbage-first heap   total 447488K, used 377555K [0x0000000080000000, 0x0000000100000000)
  region size 1024K, 262 young (268288K), 3 survivors (3072K)
 Metaspace       used 121167K, committed 122048K, reserved 1179648K
  class space    used 16121K, committed 16576K, reserved 1048576K
}
Event: 80.043 GC heap after
{Heap after GC invocations=67 (full 0):
 garbage-first heap   total 447488K, used 114020K [0x0000000080000000, 0x0000000100000000)
  region size 1024K, 6 young (6144K), 6 survivors (6144K)
 Metaspace       used 121167K, committed 122048K, reserved 1179648K
  class space    used 16121K, committed 16576K, reserved 1048576K
}
Event: 82.186 GC heap before
{Heap before GC invocations=67 (full 0):
 garbage-first heap   total 447488K, used 376164K [0x0000000080000000, 0x0000000100000000)
  region size 1024K, 262 young (268288K), 6 survivors (6144K)
 Metaspace       used 121178K, committed 122048K, reserved 1179648K
  class space    used 16121K, committed 16576K, reserved 1048576K
}
Event: 82.202 GC heap after
{Heap after GC invocations=68 (full 0):
 garbage-first heap   total 447488K, used 115702K [0x0000000080000000, 0x0000000100000000)
  region size 1024K, 7 young (7168K), 7 survivors (7168K)
 Metaspace       used 121178K, committed 122048K, reserved 1179648K
  class space    used 16121K, committed 16576K, reserved 1048576K
}
Event: 90.371 GC heap before
{Heap before GC invocations=68 (full 0):
 garbage-first heap   total 447488K, used 376822K [0x0000000080000000, 0x0000000100000000)
  region size 1024K, 262 young (268288K), 7 survivors (7168K)
 Metaspace       used 121637K, committed 122496K, reserved 1179648K
  class space    used 16165K, committed 16576K, reserved 1048576K
}
Event: 90.381 GC heap after
{Heap after GC invocations=69 (full 0):
 garbage-first heap   total 447488K, used 111527K [0x0000000080000000, 0x0000000100000000)
  region size 1024K, 5 young (5120K), 5 survivors (5120K)
 Metaspace       used 121637K, committed 122496K, reserved 1179648K
  class space    used 16165K, committed 16576K, reserved 1048576K
}
Event: 92.828 GC heap before
{Heap before GC invocations=69 (full 0):
 garbage-first heap   total 447488K, used 374695K [0x0000000080000000, 0x0000000100000000)
  region size 1024K, 262 young (268288K), 5 survivors (5120K)
 Metaspace       used 121871K, committed 122752K, reserved 1179648K
  class space    used 16203K, committed 16640K, reserved 1048576K
}
Event: 92.834 GC heap after
{Heap after GC invocations=70 (full 0):
 garbage-first heap   total 447488K, used 108781K [0x0000000080000000, 0x0000000100000000)
  region size 1024K, 3 young (3072K), 3 survivors (3072K)
 Metaspace       used 121871K, committed 122752K, reserved 1179648K
  class space    used 16203K, committed 16640K, reserved 1048576K
}

