# JRE version: OpenJDK Runtime Environment (17.0.10) (build 17.0.10+0--11572160)
# Java VM: OpenJDK 64-Bit Server VM (17.0.10+0--11572160, mixed mode, tiered, compressed oops, compressed class ptrs, g1 gc, windows-amd64)
GC Precious Log:
 CPUs: 4 total, 4 available
 Memory: 8077M
 Large Page Support: Disabled
 NUMA Support: Disabled
 Compressed Oops: Enabled (32-bit)
 Heap Region Size: 1M
 Heap Min Capacity: 8M
 Heap Initial Capacity: 128M
 Heap Max Capacity: 2G
 Pre-touch: Disabled
 Parallel Workers: 4
 Concurrent Workers: 1
 Concurrent Refinement Workers: 4
 Periodic GC: Disabled
Heap:
 garbage-first heap   total 155648K, used 89488K [0x0000000080000000, 0x0000000100000000)
  region size 1024K, 1 young (1024K), 1 survivors (1024K)
 Metaspace       used 97617K, committed 98304K, reserved 1179648K
  class space    used 13134K, committed 13440K, reserved 1048576K
GC Heap History (20 events):
Event: 18.150 GC heap after
{Heap after GC invocations=32 (full 0):
 garbage-first heap   total 117760K, used 66070K [0x0000000080000000, 0x0000000100000000)
  region size 1024K, 2 young (2048K), 2 survivors (2048K)
 Metaspace       used 72789K, committed 73408K, reserved 1114112K
  class space    used 9835K, committed 10112K, reserved 1048576K
}
Event: 18.233 GC heap before
{Heap before GC invocations=32 (full 0):
 garbage-first heap   total 117760K, used 69142K [0x0000000080000000, 0x0000000100000000)
  region size 1024K, 5 young (5120K), 2 survivors (2048K)
 Metaspace       used 73541K, committed 74176K, reserved 1114112K
  class space    used 10140K, committed 10432K, reserved 1048576K
}
Event: 18.237 GC heap after
{Heap after GC invocations=33 (full 0):
 garbage-first heap   total 117760K, used 65737K [0x0000000080000000, 0x0000000100000000)
  region size 1024K, 1 young (1024K), 1 survivors (1024K)
 Metaspace       used 73541K, committed 74176K, reserved 1114112K
  class space    used 10140K, committed 10432K, reserved 1048576K
}
Event: 18.695 GC heap before
{Heap before GC invocations=33 (full 0):
 garbage-first heap   total 117760K, used 96457K [0x0000000080000000, 0x0000000100000000)
  region size 1024K, 31 young (31744K), 1 survivors (1024K)
 Metaspace       used 77166K, committed 77760K, reserved 1179648K
  class space    used 10760K, committed 11008K, reserved 1048576K
}
Event: 18.698 GC heap after
{Heap after GC invocations=34 (full 0):
 garbage-first heap   total 141312K, used 66237K [0x0000000080000000, 0x0000000100000000)
  region size 1024K, 1 young (1024K), 1 survivors (1024K)
 Metaspace       used 77166K, committed 77760K, reserved 1179648K
  class space    used 10760K, committed 11008K, reserved 1048576K
}
Event: 19.804 GC heap before
{Heap before GC invocations=35 (full 0):
 garbage-first heap   total 141312K, used 116413K [0x0000000080000000, 0x0000000100000000)
  region size 1024K, 50 young (51200K), 1 survivors (1024K)
 Metaspace       used 83970K, committed 84608K, reserved 1179648K
  class space    used 11632K, committed 11904K, reserved 1048576K
}
Event: 19.810 GC heap after
{Heap after GC invocations=36 (full 0):
 garbage-first heap   total 141312K, used 67317K [0x0000000080000000, 0x0000000100000000)
  region size 1024K, 2 young (2048K), 2 survivors (2048K)
 Metaspace       used 83970K, committed 84608K, reserved 1179648K
  class space    used 11632K, committed 11904K, reserved 1048576K
}
Event: 19.901 GC heap before
{Heap before GC invocations=36 (full 0):
 garbage-first heap   total 141312K, used 71413K [0x0000000080000000, 0x0000000100000000)
  region size 1024K, 6 young (6144K), 2 survivors (2048K)
 Metaspace       used 84439K, committed 85056K, reserved 1179648K
  class space    used 11712K, committed 11968K, reserved 1048576K
}
Event: 19.905 GC heap after
{Heap after GC invocations=37 (full 0):
 garbage-first heap   total 141312K, used 66537K [0x0000000080000000, 0x0000000100000000)
  region size 1024K, 1 young (1024K), 1 survivors (1024K)
 Metaspace       used 84439K, committed 85056K, reserved 1179648K
  class space    used 11712K, committed 11968K, reserved 1048576K
}
Event: 20.234 GC heap before
{Heap before GC invocations=37 (full 0):
 garbage-first heap   total 141312K, used 81897K [0x0000000080000000, 0x0000000100000000)
  region size 1024K, 17 young (17408K), 1 survivors (1024K)
 Metaspace       used 87056K, committed 87744K, reserved 1179648K
  class space    used 12048K, committed 12352K, reserved 1048576K
}
Event: 20.236 GC heap after
{Heap after GC invocations=38 (full 0):
 garbage-first heap   total 141312K, used 66709K [0x0000000080000000, 0x0000000100000000)
  region size 1024K, 1 young (1024K), 1 survivors (1024K)
 Metaspace       used 87056K, committed 87744K, reserved 1179648K
  class space    used 12048K, committed 12352K, reserved 1048576K
}
Event: 21.208 GC heap before
{Heap before GC invocations=39 (full 0):
 garbage-first heap   total 141312K, used 126101K [0x0000000080000000, 0x0000000100000000)
  region size 1024K, 52 young (53248K), 1 survivors (1024K)
 Metaspace       used 89072K, committed 89728K, reserved 1179648K
  class space    used 12292K, committed 12608K, reserved 1048576K
}
Event: 21.226 GC heap after
{Heap after GC invocations=40 (full 0):
 garbage-first heap   total 141312K, used 77242K [0x0000000080000000, 0x0000000100000000)
  region size 1024K, 7 young (7168K), 7 survivors (7168K)
 Metaspace       used 89072K, committed 89728K, reserved 1179648K
  class space    used 12292K, committed 12608K, reserved 1048576K
}
Event: 21.247 GC heap before
{Heap before GC invocations=40 (full 0):
 garbage-first heap   total 141312K, used 78266K [0x0000000080000000, 0x0000000100000000)
  region size 1024K, 8 young (8192K), 7 survivors (7168K)
 Metaspace       used 89234K, committed 89920K, reserved 1179648K
  class space    used 12306K, committed 12608K, reserved 1048576K
}
Event: 21.259 GC heap after
{Heap after GC invocations=41 (full 0):
 garbage-first heap   total 141312K, used 77567K [0x0000000080000000, 0x0000000100000000)
  region size 1024K, 1 young (1024K), 1 survivors (1024K)
 Metaspace       used 89234K, committed 89920K, reserved 1179648K
  class space    used 12306K, committed 12608K, reserved 1048576K
}
Event: 21.990 GC heap before
{Heap before GC invocations=41 (full 0):
 garbage-first heap   total 141312K, used 122623K [0x0000000080000000, 0x0000000100000000)
  region size 1024K, 38 young (38912K), 1 survivors (1024K)
 Metaspace       used 93496K, committed 94144K, reserved 1179648K
  class space    used 12773K, committed 13056K, reserved 1048576K
}
Event: 21.995 GC heap after
{Heap after GC invocations=42 (full 0):
 garbage-first heap   total 141312K, used 86790K [0x0000000080000000, 0x0000000100000000)
  region size 1024K, 3 young (3072K), 3 survivors (3072K)
 Metaspace       used 93496K, committed 94144K, reserved 1179648K
  class space    used 12773K, committed 13056K, reserved 1048576K
}
Event: 22.650 GC heap before
{Heap before GC invocations=43 (full 0):
 garbage-first heap   total 155648K, used 117510K [0x0000000080000000, 0x0000000100000000)
  region size 1024K, 33 young (33792K), 3 survivors (3072K)
 Metaspace       used 97169K, committed 97856K, reserved 1179648K
  class space    used 13089K, committed 13376K, reserved 1048576K
}
Event: 22.658 GC heap after
{Heap after GC invocations=44 (full 0):
 garbage-first heap   total 155648K, used 88948K [0x0000000080000000, 0x0000000100000000)
  region size 1024K, 2 young (2048K), 2 survivors (2048K)
 Metaspace       used 97169K, committed 97856K, reserved 1179648K
  class space    used 13089K, committed 13376K, reserved 1048576K
}
Event: 22.805 GC heap before
{Heap before GC invocations=44 (full 0):
 garbage-first heap   total 155648K, used 93044K [0x0000000080000000, 0x0000000100000000)
  region size 1024K, 7 young (7168K), 2 survivors (2048K)
 Metaspace       used 97617K, committed 98304K, reserved 1179648K
  class space    used 13134K, committed 13440K, reserved 1048576K
}

