# JRE version: OpenJDK Runtime Environment (17.0.10) (build 17.0.10+0--11572160)
# Java VM: OpenJDK 64-Bit Server VM (17.0.10+0--11572160, mixed mode, tiered, compressed oops, compressed class ptrs, g1 gc, windows-amd64)
GC Precious Log:
 CPUs: 4 total, 4 available
 Memory: 8077M
 Large Page Support: Disabled
 NUMA Support: Disabled
 Compressed Oops: Enabled (32-bit)
 Heap Region Size: 1M
 Heap Min Capacity: 8M
 Heap Initial Capacity: 128M
 Heap Max Capacity: 2G
 Pre-touch: Disabled
 Parallel Workers: 4
 Concurrent Workers: 1
 Concurrent Refinement Workers: 4
 Periodic GC: Disabled
Heap:
 garbage-first heap   total 345088K, used 210505K [0x0000000080000000, 0x0000000100000000)
  region size 1024K, 75 young (76800K), 14 survivors (14336K)
 Metaspace       used 131339K, committed 132160K, reserved 1179648K
  class space    used 17159K, committed 17536K, reserved 1048576K
GC Heap History (20 events):
Event: 14.783 GC heap before
{Heap before GC invocations=26 (full 0):
 garbage-first heap   total 141312K, used 115353K [0x0000000080000000, 0x0000000100000000)
  region size 1024K, 56 young (57344K), 6 survivors (6144K)
 Metaspace       used 78273K, committed 79040K, reserved 1179648K
  class space    used 11003K, committed 11328K, reserved 1048576K
}
Event: 14.793 GC heap after
{Heap after GC invocations=27 (full 0):
 garbage-first heap   total 141312K, used 65414K [0x0000000080000000, 0x0000000100000000)
  region size 1024K, 3 young (3072K), 3 survivors (3072K)
 Metaspace       used 78273K, committed 79040K, reserved 1179648K
  class space    used 11003K, committed 11328K, reserved 1048576K
}
Event: 14.827 GC heap before
{Heap before GC invocations=27 (full 0):
 garbage-first heap   total 141312K, used 66438K [0x0000000080000000, 0x0000000100000000)
  region size 1024K, 5 young (5120K), 3 survivors (3072K)
 Metaspace       used 78569K, committed 79232K, reserved 1179648K
  class space    used 11043K, committed 11328K, reserved 1048576K
}
Event: 14.832 GC heap after
{Heap after GC invocations=28 (full 0):
 garbage-first heap   total 141312K, used 65485K [0x0000000080000000, 0x0000000100000000)
  region size 1024K, 3 young (3072K), 3 survivors (3072K)
 Metaspace       used 78569K, committed 79232K, reserved 1179648K
  class space    used 11043K, committed 11328K, reserved 1048576K
}
Event: 14.863 GC heap before
{Heap before GC invocations=28 (full 0):
 garbage-first heap   total 141312K, used 71629K [0x0000000080000000, 0x0000000100000000)
  region size 1024K, 4 young (4096K), 3 survivors (3072K)
 Metaspace       used 78569K, committed 79232K, reserved 1179648K
  class space    used 11043K, committed 11328K, reserved 1048576K
}
Event: 14.868 GC heap after
{Heap after GC invocations=29 (full 0):
 garbage-first heap   total 141312K, used 71513K [0x0000000080000000, 0x0000000100000000)
  region size 1024K, 3 young (3072K), 3 survivors (3072K)
 Metaspace       used 78569K, committed 79232K, reserved 1179648K
  class space    used 11043K, committed 11328K, reserved 1048576K
}
Event: 15.589 GC heap before
{Heap before GC invocations=30 (full 0):
 garbage-first heap   total 141312K, used 124761K [0x0000000080000000, 0x0000000100000000)
  region size 1024K, 50 young (51200K), 3 survivors (3072K)
 Metaspace       used 78911K, committed 79680K, reserved 1179648K
  class space    used 11052K, committed 11392K, reserved 1048576K
}
Event: 15.617 GC heap after
{Heap after GC invocations=31 (full 0):
 garbage-first heap   total 142336K, used 81343K [0x0000000080000000, 0x0000000100000000)
  region size 1024K, 7 young (7168K), 7 survivors (7168K)
 Metaspace       used 78911K, committed 79680K, reserved 1179648K
  class space    used 11052K, committed 11392K, reserved 1048576K
}
Event: 15.640 GC heap before
{Heap before GC invocations=31 (full 0):
 garbage-first heap   total 142336K, used 82367K [0x0000000080000000, 0x0000000100000000)
  region size 1024K, 8 young (8192K), 7 survivors (7168K)
 Metaspace       used 78911K, committed 79680K, reserved 1179648K
  class space    used 11052K, committed 11392K, reserved 1048576K
}
Event: 15.669 GC heap after
{Heap after GC invocations=32 (full 0):
 garbage-first heap   total 142336K, used 82067K [0x0000000080000000, 0x0000000100000000)
  region size 1024K, 1 young (1024K), 1 survivors (1024K)
 Metaspace       used 78911K, committed 79680K, reserved 1179648K
  class space    used 11052K, committed 11392K, reserved 1048576K
}
Event: 15.704 GC heap before
{Heap before GC invocations=32 (full 0):
 garbage-first heap   total 142336K, used 85139K [0x0000000080000000, 0x0000000100000000)
  region size 1024K, 5 young (5120K), 1 survivors (1024K)
 Metaspace       used 78911K, committed 79680K, reserved 1179648K
  class space    used 11052K, committed 11392K, reserved 1048576K
}
Event: 15.712 GC heap after
{Heap after GC invocations=33 (full 0):
 garbage-first heap   total 345088K, used 83453K [0x0000000080000000, 0x0000000100000000)
  region size 1024K, 2 young (2048K), 2 survivors (2048K)
 Metaspace       used 78911K, committed 79680K, reserved 1179648K
  class space    used 11052K, committed 11392K, reserved 1048576K
}
Event: 18.471 GC heap before
{Heap before GC invocations=33 (full 0):
 garbage-first heap   total 345088K, used 249341K [0x0000000080000000, 0x0000000100000000)
  region size 1024K, 143 young (146432K), 2 survivors (2048K)
 Metaspace       used 88710K, committed 89408K, reserved 1179648K
  class space    used 12067K, committed 12352K, reserved 1048576K
}
Event: 18.520 GC heap after
{Heap after GC invocations=34 (full 0):
 garbage-first heap   total 345088K, used 118572K [0x0000000080000000, 0x0000000100000000)
  region size 1024K, 18 young (18432K), 18 survivors (18432K)
 Metaspace       used 88710K, committed 89408K, reserved 1179648K
  class space    used 12067K, committed 12352K, reserved 1048576K
}
Event: 20.536 GC heap before
{Heap before GC invocations=34 (full 0):
 garbage-first heap   total 345088K, used 241452K [0x0000000080000000, 0x0000000100000000)
  region size 1024K, 137 young (140288K), 18 survivors (18432K)
 Metaspace       used 99690K, committed 100416K, reserved 1179648K
  class space    used 13413K, committed 13760K, reserved 1048576K
}
Event: 20.569 GC heap after
{Heap after GC invocations=35 (full 0):
 garbage-first heap   total 345088K, used 125562K [0x0000000080000000, 0x0000000100000000)
  region size 1024K, 7 young (7168K), 7 survivors (7168K)
 Metaspace       used 99690K, committed 100416K, reserved 1179648K
  class space    used 13413K, committed 13760K, reserved 1048576K
}
Event: 23.194 GC heap before
{Heap before GC invocations=35 (full 0):
 garbage-first heap   total 345088K, used 252538K [0x0000000080000000, 0x0000000100000000)
  region size 1024K, 131 young (134144K), 7 survivors (7168K)
 Metaspace       used 113522K, committed 114240K, reserved 1179648K
  class space    used 14951K, committed 15296K, reserved 1048576K
}
Event: 23.209 GC heap after
{Heap after GC invocations=36 (full 0):
 garbage-first heap   total 345088K, used 131194K [0x0000000080000000, 0x0000000100000000)
  region size 1024K, 12 young (12288K), 12 survivors (12288K)
 Metaspace       used 113522K, committed 114240K, reserved 1179648K
  class space    used 14951K, committed 15296K, reserved 1048576K
}
Event: 26.249 GC heap before
{Heap before GC invocations=36 (full 0):
 garbage-first heap   total 345088K, used 268410K [0x0000000080000000, 0x0000000100000000)
  region size 1024K, 142 young (145408K), 12 survivors (12288K)
 Metaspace       used 126777K, committed 127616K, reserved 1179648K
  class space    used 16551K, committed 16960K, reserved 1048576K
}
Event: 26.272 GC heap after
{Heap after GC invocations=37 (full 0):
 garbage-first heap   total 345088K, used 142921K [0x0000000080000000, 0x0000000100000000)
  region size 1024K, 14 young (14336K), 14 survivors (14336K)
 Metaspace       used 126777K, committed 127616K, reserved 1179648K
  class space    used 16551K, committed 16960K, reserved 1048576K
}

