# JRE version: OpenJDK Runtime Environment (17.0.10) (build 17.0.10+0--11572160)
# Java VM: OpenJDK 64-Bit Server VM (17.0.10+0--11572160, mixed mode, tiered, compressed oops, compressed class ptrs, g1 gc, windows-amd64)
GC Precious Log:
 CPUs: 4 total, 4 available
 Memory: 8077M
 Large Page Support: Disabled
 NUMA Support: Disabled
 Compressed Oops: Enabled (32-bit)
 Heap Region Size: 1M
 Heap Min Capacity: 8M
 Heap Initial Capacity: 128M
 Heap Max Capacity: 2G
 Pre-touch: Disabled
 Parallel Workers: 4
 Concurrent Workers: 1
 Concurrent Refinement Workers: 4
 Periodic GC: Disabled
Heap:
 garbage-first heap   total 249856K, used 145290K [0x0000000080000000, 0x0000000100000000)
  region size 1024K, 7 young (7168K), 7 survivors (7168K)
 Metaspace       used 137146K, committed 137920K, reserved 1179648K
  class space    used 17697K, committed 18048K, reserved 1048576K
GC Heap History (20 events):
Event: 19.056 GC heap after
{Heap after GC invocations=29 (full 0):
 garbage-first heap   total 245760K, used 64736K [0x0000000080000000, 0x0000000100000000)
  region size 1024K, 1 young (1024K), 1 survivors (1024K)
 Metaspace       used 68509K, committed 69184K, reserved 1114112K
  class space    used 9189K, committed 9472K, reserved 1048576K
}
Event: 22.180 GC heap before
{Heap before GC invocations=29 (full 0):
 garbage-first heap   total 245760K, used 175328K [0x0000000080000000, 0x0000000100000000)
  region size 1024K, 109 young (111616K), 1 survivors (1024K)
 Metaspace       used 84079K, committed 84800K, reserved 1179648K
  class space    used 11631K, committed 11904K, reserved 1048576K
}
Event: 22.186 GC heap after
{Heap after GC invocations=30 (full 0):
 garbage-first heap   total 245760K, used 67002K [0x0000000080000000, 0x0000000100000000)
  region size 1024K, 3 young (3072K), 3 survivors (3072K)
 Metaspace       used 84079K, committed 84800K, reserved 1179648K
  class space    used 11631K, committed 11904K, reserved 1048576K
}
Event: 24.078 GC heap before
{Heap before GC invocations=30 (full 0):
 garbage-first heap   total 245760K, used 213434K [0x0000000080000000, 0x0000000100000000)
  region size 1024K, 132 young (135168K), 3 survivors (3072K)
 Metaspace       used 96119K, committed 96832K, reserved 1179648K
  class space    used 12977K, committed 13312K, reserved 1048576K
}
Event: 24.105 GC heap after
{Heap after GC invocations=31 (full 0):
 garbage-first heap   total 245760K, used 89083K [0x0000000080000000, 0x0000000100000000)
  region size 1024K, 17 young (17408K), 17 survivors (17408K)
 Metaspace       used 96119K, committed 96832K, reserved 1179648K
  class space    used 12977K, committed 13312K, reserved 1048576K
}
Event: 26.264 GC heap before
{Heap before GC invocations=31 (full 0):
 garbage-first heap   total 245760K, used 195579K [0x0000000080000000, 0x0000000100000000)
  region size 1024K, 120 young (122880K), 17 survivors (17408K)
 Metaspace       used 108269K, committed 108992K, reserved 1179648K
  class space    used 14423K, committed 14720K, reserved 1048576K
}
Event: 26.293 GC heap after
{Heap after GC invocations=32 (full 0):
 garbage-first heap   total 245760K, used 96180K [0x0000000080000000, 0x0000000100000000)
  region size 1024K, 7 young (7168K), 7 survivors (7168K)
 Metaspace       used 108269K, committed 108992K, reserved 1179648K
  class space    used 14423K, committed 14720K, reserved 1048576K
}
Event: 26.890 GC heap before
{Heap before GC invocations=32 (full 0):
 garbage-first heap   total 245760K, used 141236K [0x0000000080000000, 0x0000000100000000)
  region size 1024K, 52 young (53248K), 7 survivors (7168K)
 Metaspace       used 109371K, committed 110080K, reserved 1179648K
  class space    used 14513K, committed 14848K, reserved 1048576K
}
Event: 26.904 GC heap after
{Heap after GC invocations=33 (full 0):
 garbage-first heap   total 245760K, used 97411K [0x0000000080000000, 0x0000000100000000)
  region size 1024K, 8 young (8192K), 8 survivors (8192K)
 Metaspace       used 109371K, committed 110080K, reserved 1179648K
  class space    used 14513K, committed 14848K, reserved 1048576K
}
Event: 29.447 GC heap before
{Heap before GC invocations=34 (full 0):
 garbage-first heap   total 245760K, used 200835K [0x0000000080000000, 0x0000000100000000)
  region size 1024K, 109 young (111616K), 8 survivors (8192K)
 Metaspace       used 121176K, committed 121920K, reserved 1179648K
  class space    used 15889K, committed 16192K, reserved 1048576K
}
Event: 29.463 GC heap after
{Heap after GC invocations=35 (full 0):
 garbage-first heap   total 245760K, used 102334K [0x0000000080000000, 0x0000000100000000)
  region size 1024K, 8 young (8192K), 8 survivors (8192K)
 Metaspace       used 121176K, committed 121920K, reserved 1179648K
  class space    used 15889K, committed 16192K, reserved 1048576K
}
Event: 29.518 GC heap before
{Heap before GC invocations=35 (full 0):
 garbage-first heap   total 245760K, used 105406K [0x0000000080000000, 0x0000000100000000)
  region size 1024K, 12 young (12288K), 8 survivors (8192K)
 Metaspace       used 121810K, committed 122560K, reserved 1179648K
  class space    used 15947K, committed 16256K, reserved 1048576K
}
Event: 29.529 GC heap after
{Heap after GC invocations=36 (full 0):
 garbage-first heap   total 245760K, used 102766K [0x0000000080000000, 0x0000000100000000)
  region size 1024K, 2 young (2048K), 2 survivors (2048K)
 Metaspace       used 121810K, committed 122560K, reserved 1179648K
  class space    used 15947K, committed 16256K, reserved 1048576K
}
Event: 33.102 GC heap before
{Heap before GC invocations=36 (full 0):
 garbage-first heap   total 245760K, used 201070K [0x0000000080000000, 0x0000000100000000)
  region size 1024K, 99 young (101376K), 2 survivors (2048K)
 Metaspace       used 136508K, committed 137216K, reserved 1179648K
  class space    used 17675K, committed 17984K, reserved 1048576K
}
Event: 33.115 GC heap after
{Heap after GC invocations=37 (full 0):
 garbage-first heap   total 245760K, used 108542K [0x0000000080000000, 0x0000000100000000)
  region size 1024K, 7 young (7168K), 7 survivors (7168K)
 Metaspace       used 136508K, committed 137216K, reserved 1179648K
  class space    used 17675K, committed 17984K, reserved 1048576K
}
Event: 35.181 GC heap before
{Heap before GC invocations=38 (full 0):
 garbage-first heap   total 245760K, used 220158K [0x0000000080000000, 0x0000000100000000)
  region size 1024K, 98 young (100352K), 7 survivors (7168K)
 Metaspace       used 136818K, committed 137536K, reserved 1179648K
  class space    used 17696K, committed 17984K, reserved 1048576K
}
Event: 35.233 GC heap after
{Heap after GC invocations=39 (full 0):
 garbage-first heap   total 249856K, used 139526K [0x0000000080000000, 0x0000000100000000)
  region size 1024K, 13 young (13312K), 13 survivors (13312K)
 Metaspace       used 136818K, committed 137536K, reserved 1179648K
  class space    used 17696K, committed 17984K, reserved 1048576K
}
Event: 35.247 GC heap before
{Heap before GC invocations=39 (full 0):
 garbage-first heap   total 249856K, used 140550K [0x0000000080000000, 0x0000000100000000)
  region size 1024K, 14 young (14336K), 13 survivors (13312K)
 Metaspace       used 136822K, committed 137536K, reserved 1179648K
  class space    used 17696K, committed 17984K, reserved 1048576K
}
Event: 35.265 GC heap after
{Heap after GC invocations=40 (full 0):
 garbage-first heap   total 249856K, used 140278K [0x0000000080000000, 0x0000000100000000)
  region size 1024K, 2 young (2048K), 2 survivors (2048K)
 Metaspace       used 136822K, committed 137536K, reserved 1179648K
  class space    used 17696K, committed 17984K, reserved 1048576K
}
Event: 35.807 GC heap before
{Heap before GC invocations=40 (full 0):
 garbage-first heap   total 249856K, used 200694K [0x0000000080000000, 0x0000000100000000)
  region size 1024K, 60 young (61440K), 2 survivors (2048K)
 Metaspace       used 137146K, committed 137920K, reserved 1179648K
  class space    used 17697K, committed 18048K, reserved 1048576K
}

