# JRE version: OpenJDK Runtime Environment (17.0.10) (build 17.0.10+0--11572160)
# Java VM: OpenJDK 64-Bit Server VM (17.0.10+0--11572160, mixed mode, tiered, compressed oops, compressed class ptrs, g1 gc, windows-amd64)
GC Precious Log:
 CPUs: 4 total, 4 available
 Memory: 8077M
 Large Page Support: Disabled
 NUMA Support: Disabled
 Compressed Oops: Enabled (32-bit)
 Heap Region Size: 1M
 Heap Min Capacity: 8M
 Heap Initial Capacity: 128M
 Heap Max Capacity: 2G
 Pre-touch: Disabled
 Parallel Workers: 4
 Concurrent Workers: 1
 Concurrent Refinement Workers: 4
 Periodic GC: Disabled
Heap:
 garbage-first heap   total 189440K, used 120109K [0x0000000080000000, 0x0000000100000000)
  region size 1024K, 35 young (35840K), 3 survivors (3072K)
 Metaspace       used 97307K, committed 97984K, reserved 1179648K
  class space    used 13142K, committed 13440K, reserved 1048576K
GC Heap History (20 events):
Event: 29.394 GC heap before
{Heap before GC invocations=33 (full 0):
 garbage-first heap   total 107520K, used 89307K [0x0000000080000000, 0x0000000100000000)
  region size 1024K, 32 young (32768K), 3 survivors (3072K)
 Metaspace       used 71975K, committed 72640K, reserved 1114112K
  class space    used 10190K, committed 10496K, reserved 1048576K
}
Event: 29.399 GC heap after
{Heap after GC invocations=34 (full 0):
 garbage-first heap   total 107520K, used 60002K [0x0000000080000000, 0x0000000100000000)
  region size 1024K, 3 young (3072K), 3 survivors (3072K)
 Metaspace       used 71975K, committed 72640K, reserved 1114112K
  class space    used 10190K, committed 10496K, reserved 1048576K
}
Event: 30.016 GC heap before
{Heap before GC invocations=35 (full 0):
 garbage-first heap   total 107520K, used 87650K [0x0000000080000000, 0x0000000100000000)
  region size 1024K, 31 young (31744K), 3 survivors (3072K)
 Metaspace       used 76096K, committed 76736K, reserved 1179648K
  class space    used 10752K, committed 11008K, reserved 1048576K
}
Event: 30.022 GC heap after
{Heap after GC invocations=36 (full 0):
 garbage-first heap   total 107520K, used 60670K [0x0000000080000000, 0x0000000100000000)
  region size 1024K, 3 young (3072K), 3 survivors (3072K)
 Metaspace       used 76096K, committed 76736K, reserved 1179648K
  class space    used 10752K, committed 11008K, reserved 1048576K
}
Event: 30.453 GC heap before
{Heap before GC invocations=37 (full 0):
 garbage-first heap   total 122880K, used 97534K [0x0000000080000000, 0x0000000100000000)
  region size 1024K, 32 young (32768K), 3 survivors (3072K)
 Metaspace       used 76415K, committed 77120K, reserved 1179648K
  class space    used 10760K, committed 11008K, reserved 1048576K
}
Event: 30.472 GC heap after
{Heap after GC invocations=38 (full 0):
 garbage-first heap   total 122880K, used 76224K [0x0000000080000000, 0x0000000100000000)
  region size 1024K, 4 young (4096K), 4 survivors (4096K)
 Metaspace       used 76415K, committed 77120K, reserved 1179648K
  class space    used 10760K, committed 11008K, reserved 1048576K
}
Event: 30.965 GC heap before
{Heap before GC invocations=38 (full 0):
 garbage-first heap   total 122880K, used 98752K [0x0000000080000000, 0x0000000100000000)
  region size 1024K, 27 young (27648K), 4 survivors (4096K)
 Metaspace       used 78297K, committed 78912K, reserved 1179648K
  class space    used 11009K, committed 11264K, reserved 1048576K
}
Event: 30.978 GC heap after
{Heap after GC invocations=39 (full 0):
 garbage-first heap   total 122880K, used 71358K [0x0000000080000000, 0x0000000100000000)
  region size 1024K, 3 young (3072K), 3 survivors (3072K)
 Metaspace       used 78297K, committed 78912K, reserved 1179648K
  class space    used 11009K, committed 11264K, reserved 1048576K
}
Event: 31.356 GC heap before
{Heap before GC invocations=40 (full 0):
 garbage-first heap   total 130048K, used 87742K [0x0000000080000000, 0x0000000100000000)
  region size 1024K, 20 young (20480K), 3 survivors (3072K)
 Metaspace       used 80555K, committed 81152K, reserved 1179648K
  class space    used 11263K, committed 11520K, reserved 1048576K
}
Event: 31.361 GC heap after
{Heap after GC invocations=41 (full 0):
 garbage-first heap   total 130048K, used 72277K [0x0000000080000000, 0x0000000100000000)
  region size 1024K, 4 young (4096K), 4 survivors (4096K)
 Metaspace       used 80555K, committed 81152K, reserved 1179648K
  class space    used 11263K, committed 11520K, reserved 1048576K
}
Event: 31.937 GC heap before
{Heap before GC invocations=42 (full 0):
 garbage-first heap   total 142336K, used 110165K [0x0000000080000000, 0x0000000100000000)
  region size 1024K, 34 young (34816K), 4 survivors (4096K)
 Metaspace       used 83607K, committed 84288K, reserved 1179648K
  class space    used 11582K, committed 11840K, reserved 1048576K
}
Event: 31.945 GC heap after
{Heap after GC invocations=43 (full 0):
 garbage-first heap   total 142336K, used 82033K [0x0000000080000000, 0x0000000100000000)
  region size 1024K, 4 young (4096K), 4 survivors (4096K)
 Metaspace       used 83607K, committed 84288K, reserved 1179648K
  class space    used 11582K, committed 11840K, reserved 1048576K
}
Event: 32.405 GC heap before
{Heap before GC invocations=43 (full 0):
 garbage-first heap   total 142336K, used 114801K [0x0000000080000000, 0x0000000100000000)
  region size 1024K, 36 young (36864K), 4 survivors (4096K)
 Metaspace       used 87513K, committed 88192K, reserved 1179648K
  class space    used 11932K, committed 12224K, reserved 1048576K
}
Event: 32.413 GC heap after
{Heap after GC invocations=44 (full 0):
 garbage-first heap   total 142336K, used 83843K [0x0000000080000000, 0x0000000100000000)
  region size 1024K, 5 young (5120K), 5 survivors (5120K)
 Metaspace       used 87513K, committed 88192K, reserved 1179648K
  class space    used 11932K, committed 12224K, reserved 1048576K
}
Event: 33.268 GC heap before
{Heap before GC invocations=45 (full 0):
 garbage-first heap   total 150528K, used 116611K [0x0000000080000000, 0x0000000100000000)
  region size 1024K, 37 young (37888K), 5 survivors (5120K)
 Metaspace       used 91291K, committed 91904K, reserved 1179648K
  class space    used 12399K, committed 12672K, reserved 1048576K
}
Event: 33.277 GC heap after
{Heap after GC invocations=46 (full 0):
 garbage-first heap   total 150528K, used 85482K [0x0000000080000000, 0x0000000100000000)
  region size 1024K, 4 young (4096K), 4 survivors (4096K)
 Metaspace       used 91291K, committed 91904K, reserved 1179648K
  class space    used 12399K, committed 12672K, reserved 1048576K
}
Event: 33.327 GC heap before
{Heap before GC invocations=46 (full 0):
 garbage-first heap   total 150528K, used 88554K [0x0000000080000000, 0x0000000100000000)
  region size 1024K, 7 young (7168K), 4 survivors (4096K)
 Metaspace       used 91746K, committed 92352K, reserved 1179648K
  class space    used 12461K, committed 12736K, reserved 1048576K
}
Event: 33.338 GC heap after
{Heap after GC invocations=47 (full 0):
 garbage-first heap   total 189440K, used 85399K [0x0000000080000000, 0x0000000100000000)
  region size 1024K, 1 young (1024K), 1 survivors (1024K)
 Metaspace       used 91746K, committed 92352K, reserved 1179648K
  class space    used 12461K, committed 12736K, reserved 1048576K
}
Event: 34.406 GC heap before
{Heap before GC invocations=47 (full 0):
 garbage-first heap   total 189440K, used 130455K [0x0000000080000000, 0x0000000100000000)
  region size 1024K, 46 young (47104K), 1 survivors (1024K)
 Metaspace       used 97155K, committed 97856K, reserved 1179648K
  class space    used 13141K, committed 13440K, reserved 1048576K
}
Event: 34.415 GC heap after
{Heap after GC invocations=48 (full 0):
 garbage-first heap   total 189440K, used 87341K [0x0000000080000000, 0x0000000100000000)
  region size 1024K, 3 young (3072K), 3 survivors (3072K)
 Metaspace       used 97155K, committed 97856K, reserved 1179648K
  class space    used 13141K, committed 13440K, reserved 1048576K
}

